mode: atomic
github.com/azarc-io/vth-faas-sdk-go/internal/spark/demo/demo_mocks.go:27.75,31.2 3 0
github.com/azarc-io/vth-faas-sdk-go/internal/spark/demo/demo_mocks.go:34.73,36.2 1 0
github.com/azarc-io/vth-faas-sdk-go/internal/spark/demo/demo_mocks.go:39.79,44.2 4 0
github.com/azarc-io/vth-faas-sdk-go/internal/spark/demo/demo_mocks.go:47.84,50.2 2 0
github.com/azarc-io/vth-faas-sdk-go/internal/spark/demo/demo_mocks.go:53.83,58.2 4 0
github.com/azarc-io/vth-faas-sdk-go/internal/spark/demo/demo_mocks.go:61.85,64.2 2 0
github.com/azarc-io/vth-faas-sdk-go/internal/spark/demo/demo_mocks.go:67.72,72.2 4 0
github.com/azarc-io/vth-faas-sdk-go/internal/spark/demo/demo_mocks.go:75.77,78.2 2 0
github.com/azarc-io/vth-faas-sdk-go/internal/spark/demo/demo_mocks.go:81.76,86.2 4 0
github.com/azarc-io/vth-faas-sdk-go/internal/spark/demo/demo_mocks.go:89.81,92.2 2 0
github.com/azarc-io/vth-faas-sdk-go/internal/spark/demo/demo_mocks.go:95.76,100.2 4 0
github.com/azarc-io/vth-faas-sdk-go/internal/spark/demo/demo_mocks.go:103.81,106.2 2 0
github.com/azarc-io/vth-faas-sdk-go/internal/spark/demo/demo_mocks.go:109.73,114.2 4 0
github.com/azarc-io/vth-faas-sdk-go/internal/spark/demo/demo_mocks.go:117.78,120.2 2 0
github.com/azarc-io/vth-faas-sdk-go/internal/spark/demo/demo_mocks.go:123.70,128.2 4 0
github.com/azarc-io/vth-faas-sdk-go/internal/spark/demo/demo_mocks.go:131.75,134.2 2 0
github.com/azarc-io/vth-faas-sdk-go/internal/spark/demo/demo_mocks.go:137.61,143.2 5 0
github.com/azarc-io/vth-faas-sdk-go/internal/spark/demo/demo_mocks.go:146.65,149.2 2 0
github.com/azarc-io/vth-faas-sdk-go/internal/spark/demo/demo_mocks.go:163.75,167.2 3 2
github.com/azarc-io/vth-faas-sdk-go/internal/spark/demo/demo_mocks.go:170.73,172.2 1 4
github.com/azarc-io/vth-faas-sdk-go/internal/spark/demo/demo_mocks.go:175.80,180.2 4 0
github.com/azarc-io/vth-faas-sdk-go/internal/spark/demo/demo_mocks.go:183.100,186.2 2 0
github.com/azarc-io/vth-faas-sdk-go/internal/spark/demo/demo_mocks.go:189.81,194.2 4 2
github.com/azarc-io/vth-faas-sdk-go/internal/spark/demo/demo_mocks.go:197.101,200.2 2 2
github.com/azarc-io/vth-faas-sdk-go/internal/spark/demo/demo_mocks.go:203.95,209.2 5 2
github.com/azarc-io/vth-faas-sdk-go/internal/spark/demo/demo_mocks.go:212.100,215.2 2 2
github.com/azarc-io/vth-faas-sdk-go/internal/spark/demo/demo_mocks.go:229.97,233.2 3 2
github.com/azarc-io/vth-faas-sdk-go/internal/spark/demo/demo_mocks.go:236.95,238.2 1 2
github.com/azarc-io/vth-faas-sdk-go/internal/spark/demo/demo_mocks.go:241.87,246.2 4 2
github.com/azarc-io/vth-faas-sdk-go/internal/spark/demo/demo_mocks.go:249.103,252.2 2 2
github.com/azarc-io/vth-faas-sdk-go/internal/spark/demo/demo_mocks.go:255.99,260.2 4 0
github.com/azarc-io/vth-faas-sdk-go/internal/spark/demo/demo_mocks.go:263.115,266.2 2 0
github.com/azarc-io/vth-faas-sdk-go/internal/spark/demo/demo_mocks.go:280.57,284.2 3 2
github.com/azarc-io/vth-faas-sdk-go/internal/spark/demo/demo_mocks.go:287.55,289.2 1 0
github.com/azarc-io/vth-faas-sdk-go/internal/spark/demo/demo_mocks.go:292.37,295.2 2 0
github.com/azarc-io/vth-faas-sdk-go/internal/spark/demo/demo_mocks.go:298.63,301.2 2 0
github.com/azarc-io/vth-faas-sdk-go/internal/spark/demo/demo_mocks.go:304.37,307.2 2 0
github.com/azarc-io/vth-faas-sdk-go/internal/spark/demo/demo_mocks.go:310.63,313.2 2 0
github.com/azarc-io/vth-faas-sdk-go/internal/spark/demo/demo_mocks.go:316.45,319.2 2 0
github.com/azarc-io/vth-faas-sdk-go/internal/spark/demo/demo_mocks.go:322.71,325.2 2 0
github.com/azarc-io/vth-faas-sdk-go/internal/spark/demo/demo.go:18.141,20.2 1 2
github.com/azarc-io/vth-faas-sdk-go/internal/spark/demo/demo.go:22.54,43.2 1 2
github.com/azarc-io/vth-faas-sdk-go/internal/spark/demo/demo.go:45.92,50.16 4 2
github.com/azarc-io/vth-faas-sdk-go/internal/spark/demo/demo.go:55.2,57.16 2 2
github.com/azarc-io/vth-faas-sdk-go/internal/spark/demo/demo.go:61.2,61.32 1 2
github.com/azarc-io/vth-faas-sdk-go/internal/spark/demo/demo.go:50.16,53.3 2 0
github.com/azarc-io/vth-faas-sdk-go/internal/spark/demo/demo.go:57.16,60.3 2 0
github.com/azarc-io/vth-faas-sdk-go/internal/spark/demo/demo.go:65.96,68.16 3 2
github.com/azarc-io/vth-faas-sdk-go/internal/spark/demo/demo.go:72.2,74.16 2 2
github.com/azarc-io/vth-faas-sdk-go/internal/spark/demo/demo.go:77.2,77.28 1 2
github.com/azarc-io/vth-faas-sdk-go/internal/spark/demo/demo.go:68.16,70.3 1 0
github.com/azarc-io/vth-faas-sdk-go/internal/spark/demo/demo.go:74.16,76.3 1 0
github.com/azarc-io/vth-faas-sdk-go/internal/spark/demo/demo.go:81.96,84.16 3 2
github.com/azarc-io/vth-faas-sdk-go/internal/spark/demo/demo.go:88.2,89.16 2 2
github.com/azarc-io/vth-faas-sdk-go/internal/spark/demo/demo.go:93.2,94.16 2 2
github.com/azarc-io/vth-faas-sdk-go/internal/spark/demo/demo.go:98.2,98.12 1 2
github.com/azarc-io/vth-faas-sdk-go/internal/spark/demo/demo.go:84.16,87.3 2 0
github.com/azarc-io/vth-faas-sdk-go/internal/spark/demo/demo.go:89.16,91.3 1 0
github.com/azarc-io/vth-faas-sdk-go/internal/spark/demo/demo.go:94.16,96.3 1 0
github.com/azarc-io/vth-faas-sdk-go/internal/spark/demo/demo.go:101.99,104.2 2 0
github.com/azarc-io/vth-faas-sdk-go/internal/spark/demo/demo.go:106.96,109.2 2 0
github.com/azarc-io/vth-faas-sdk-go/internal/spark/demo/demo.go:111.93,114.2 2 0
github.com/azarc-io/vth-faas-sdk-go/internal/spark/demo/demo.go:116.90,119.2 2 0
